Analysis & Synthesis report for lab3
Wed Nov 08 20:54:06 2023
Quartus II 64-Bit Version 13.0.1 Build 232 06/12/2013 Service Pack 1 SJ Web Edition


---------------------
; Table of Contents ;
---------------------
  1. Legal Notice
  2. Analysis & Synthesis Summary
  3. Analysis & Synthesis Settings
  4. Parallel Compilation
  5. Analysis & Synthesis Source Files Read
  6. Analysis & Synthesis Resource Usage Summary
  7. Analysis & Synthesis Resource Utilization by Entity
  8. Registers Removed During Synthesis
  9. General Register Statistics
 10. Inverted Register Statistics
 11. Port Connectivity Checks: "top:inst|counter_4bit:counter"
 12. Port Connectivity Checks: "top:inst|fourBitComparator:cmp|oneBitComparator:b3"
 13. Port Connectivity Checks: "top:inst|fourBitComparator:cmp"
 14. Port Connectivity Checks: "top:inst|fsm:fsm_controller|enARdFF_2:reg_D"
 15. Port Connectivity Checks: "top:inst|fsm:fsm_controller|enARdFF_2:reg_C"
 16. Port Connectivity Checks: "top:inst|fsm:fsm_controller|enARdFF_2:reg_B"
 17. Port Connectivity Checks: "top:inst|fsm:fsm_controller|enARdFF_2_rr:reg_A"
 18. Port Connectivity Checks: "top:inst|fsm:fsm_controller"
 19. Port Connectivity Checks: "top:inst|debouncer_2:debouncer|enARdFF_2:second"
 20. Port Connectivity Checks: "top:inst|debouncer_2:debouncer|enARdFF_2:first"
 21. Port Connectivity Checks: "top:inst|counter_4bit:Timer_m|enARdFF_2:reg_D"
 22. Port Connectivity Checks: "top:inst|counter_4bit:Timer_m|enARdFF_2:reg_C"
 23. Port Connectivity Checks: "top:inst|counter_4bit:Timer_m|enARdFF_2:reg_B"
 24. Port Connectivity Checks: "top:inst|counter_4bit:Timer_m|enARdFF_2:reg_A"
 25. Port Connectivity Checks: "top:inst|counter_4bit:Timer_m"
 26. Port Connectivity Checks: "top:inst|clk_div:clock_divider"
 27. Elapsed Time Per Partition
 28. Analysis & Synthesis Messages



----------------
; Legal Notice ;
----------------
Copyright (C) 1991-2013 Altera Corporation
Your use of Altera Corporation's design tools, logic functions 
and other software and tools, and its AMPP partner logic 
functions, and any output files from any of the foregoing 
(including device programming or simulation files), and any 
associated documentation or information are expressly subject 
to the terms and conditions of the Altera Program License 
Subscription Agreement, Altera MegaCore Function License 
Agreement, or other applicable license agreement, including, 
without limitation, that your use is for the sole purpose of 
programming logic devices manufactured by Altera and sold by 
Altera or its authorized distributors.  Please refer to the 
applicable agreement for further details.



+--------------------------------------------------------------------------------------+
; Analysis & Synthesis Summary                                                         ;
+------------------------------------+-------------------------------------------------+
; Analysis & Synthesis Status        ; Successful - Wed Nov 08 20:54:06 2023           ;
; Quartus II 64-Bit Version          ; 13.0.1 Build 232 06/12/2013 SP 1 SJ Web Edition ;
; Revision Name                      ; lab3                                            ;
; Top-level Entity Name              ; lab3                                            ;
; Family                             ; Cyclone IV E                                    ;
; Total logic elements               ; 56                                              ;
;     Total combinational functions  ; 55                                              ;
;     Dedicated logic registers      ; 41                                              ;
; Total registers                    ; 41                                              ;
; Total pins                         ; 21                                              ;
; Total virtual pins                 ; 0                                               ;
; Total memory bits                  ; 0                                               ;
; Embedded Multiplier 9-bit elements ; 0                                               ;
; Total PLLs                         ; 0                                               ;
+------------------------------------+-------------------------------------------------+


+----------------------------------------------------------------------------------------------------------------------+
; Analysis & Synthesis Settings                                                                                        ;
+----------------------------------------------------------------------------+--------------------+--------------------+
; Option                                                                     ; Setting            ; Default Value      ;
+----------------------------------------------------------------------------+--------------------+--------------------+
; Device                                                                     ; EP4CE115F29C7      ;                    ;
; Top-level entity name                                                      ; lab3               ; lab3               ;
; Family name                                                                ; Cyclone IV E       ; Cyclone IV GX      ;
; Use smart compilation                                                      ; Off                ; Off                ;
; Enable parallel Assembler and TimeQuest Timing Analyzer during compilation ; On                 ; On                 ;
; Enable compact report table                                                ; Off                ; Off                ;
; Restructure Multiplexers                                                   ; Auto               ; Auto               ;
; Create Debugging Nodes for IP Cores                                        ; Off                ; Off                ;
; Preserve fewer node names                                                  ; On                 ; On                 ;
; Disable OpenCore Plus hardware evaluation                                  ; Off                ; Off                ;
; Verilog Version                                                            ; Verilog_2001       ; Verilog_2001       ;
; VHDL Version                                                               ; VHDL_1993          ; VHDL_1993          ;
; State Machine Processing                                                   ; Auto               ; Auto               ;
; Safe State Machine                                                         ; Off                ; Off                ;
; Extract Verilog State Machines                                             ; On                 ; On                 ;
; Extract VHDL State Machines                                                ; On                 ; On                 ;
; Ignore Verilog initial constructs                                          ; Off                ; Off                ;
; Iteration limit for constant Verilog loops                                 ; 5000               ; 5000               ;
; Iteration limit for non-constant Verilog loops                             ; 250                ; 250                ;
; Add Pass-Through Logic to Inferred RAMs                                    ; On                 ; On                 ;
; Infer RAMs from Raw Logic                                                  ; On                 ; On                 ;
; Parallel Synthesis                                                         ; On                 ; On                 ;
; DSP Block Balancing                                                        ; Auto               ; Auto               ;
; NOT Gate Push-Back                                                         ; On                 ; On                 ;
; Power-Up Don't Care                                                        ; On                 ; On                 ;
; Remove Redundant Logic Cells                                               ; Off                ; Off                ;
; Remove Duplicate Registers                                                 ; On                 ; On                 ;
; Ignore CARRY Buffers                                                       ; Off                ; Off                ;
; Ignore CASCADE Buffers                                                     ; Off                ; Off                ;
; Ignore GLOBAL Buffers                                                      ; Off                ; Off                ;
; Ignore ROW GLOBAL Buffers                                                  ; Off                ; Off                ;
; Ignore LCELL Buffers                                                       ; Off                ; Off                ;
; Ignore SOFT Buffers                                                        ; On                 ; On                 ;
; Limit AHDL Integers to 32 Bits                                             ; Off                ; Off                ;
; Optimization Technique                                                     ; Balanced           ; Balanced           ;
; Carry Chain Length                                                         ; 70                 ; 70                 ;
; Auto Carry Chains                                                          ; On                 ; On                 ;
; Auto Open-Drain Pins                                                       ; On                 ; On                 ;
; Perform WYSIWYG Primitive Resynthesis                                      ; Off                ; Off                ;
; Auto ROM Replacement                                                       ; On                 ; On                 ;
; Auto RAM Replacement                                                       ; On                 ; On                 ;
; Auto DSP Block Replacement                                                 ; On                 ; On                 ;
; Auto Shift Register Replacement                                            ; Auto               ; Auto               ;
; Allow Shift Register Merging across Hierarchies                            ; Auto               ; Auto               ;
; Auto Clock Enable Replacement                                              ; On                 ; On                 ;
; Strict RAM Replacement                                                     ; Off                ; Off                ;
; Allow Synchronous Control Signals                                          ; On                 ; On                 ;
; Force Use of Synchronous Clear Signals                                     ; Off                ; Off                ;
; Auto RAM Block Balancing                                                   ; On                 ; On                 ;
; Auto RAM to Logic Cell Conversion                                          ; Off                ; Off                ;
; Auto Resource Sharing                                                      ; Off                ; Off                ;
; Allow Any RAM Size For Recognition                                         ; Off                ; Off                ;
; Allow Any ROM Size For Recognition                                         ; Off                ; Off                ;
; Allow Any Shift Register Size For Recognition                              ; Off                ; Off                ;
; Use LogicLock Constraints during Resource Balancing                        ; On                 ; On                 ;
; Ignore translate_off and synthesis_off directives                          ; Off                ; Off                ;
; Timing-Driven Synthesis                                                    ; On                 ; On                 ;
; Report Parameter Settings                                                  ; On                 ; On                 ;
; Report Source Assignments                                                  ; On                 ; On                 ;
; Report Connectivity Checks                                                 ; On                 ; On                 ;
; Ignore Maximum Fan-Out Assignments                                         ; Off                ; Off                ;
; Synchronization Register Chain Length                                      ; 2                  ; 2                  ;
; PowerPlay Power Optimization                                               ; Normal compilation ; Normal compilation ;
; HDL message level                                                          ; Level2             ; Level2             ;
; Suppress Register Optimization Related Messages                            ; Off                ; Off                ;
; Number of Removed Registers Reported in Synthesis Report                   ; 5000               ; 5000               ;
; Number of Swept Nodes Reported in Synthesis Report                         ; 5000               ; 5000               ;
; Number of Inverted Registers Reported in Synthesis Report                  ; 100                ; 100                ;
; Clock MUX Protection                                                       ; On                 ; On                 ;
; Auto Gated Clock Conversion                                                ; Off                ; Off                ;
; Block Design Naming                                                        ; Auto               ; Auto               ;
; SDC constraint protection                                                  ; Off                ; Off                ;
; Synthesis Effort                                                           ; Auto               ; Auto               ;
; Shift Register Replacement - Allow Asynchronous Clear Signal               ; On                 ; On                 ;
; Pre-Mapping Resynthesis Optimization                                       ; Off                ; Off                ;
; Analysis & Synthesis Message Level                                         ; Medium             ; Medium             ;
; Disable Register Merging Across Hierarchies                                ; Auto               ; Auto               ;
; Resource Aware Inference For Block RAM                                     ; On                 ; On                 ;
; Synthesis Seed                                                             ; 1                  ; 1                  ;
+----------------------------------------------------------------------------+--------------------+--------------------+


Parallel compilation was disabled, but you have multiple processors available. Enable parallel compilation to reduce compilation time.
+-------------------------------------+
; Parallel Compilation                ;
+----------------------------+--------+
; Processors                 ; Number ;
+----------------------------+--------+
; Number detected on machine ; 4      ;
; Maximum allowed            ; 1      ;
+----------------------------+--------+


+---------------------------------------------------------------------------------------------------------------------------------------------+
; Analysis & Synthesis Source Files Read                                                                                                      ;
+----------------------------------+-----------------+------------------------------------+-----------------------------------------+---------+
; File Name with User-Entered Path ; Used in Netlist ; File Type                          ; File Name with Absolute Path            ; Library ;
+----------------------------------+-----------------+------------------------------------+-----------------------------------------+---------+
; lab3.bdf                         ; yes             ; User Block Diagram/Schematic File  ; D:/lab3_3155/lab3/lab3.bdf              ;         ;
; top.vhd                          ; yes             ; Auto-Found VHDL File               ; D:/lab3_3155/lab3/top.vhd               ;         ;
; clk_div.vhd                      ; yes             ; Auto-Found VHDL File               ; D:/lab3_3155/lab3/clk_div.vhd           ;         ;
; counter_4bit.vhd                 ; yes             ; Auto-Found VHDL File               ; D:/lab3_3155/lab3/counter_4bit.vhd      ;         ;
; enardff_2.vhd                    ; yes             ; Auto-Found VHDL File               ; D:/lab3_3155/lab3/enardff_2.vhd         ;         ;
; timer_o.vhd                      ; yes             ; Auto-Found VHDL File               ; D:/lab3_3155/lab3/timer_o.vhd           ;         ;
; debouncer_2.vhd                  ; yes             ; Auto-Found VHDL File               ; D:/lab3_3155/lab3/debouncer_2.vhd       ;         ;
; fsm.vhd                          ; yes             ; Auto-Found VHDL File               ; D:/lab3_3155/lab3/fsm.vhd               ;         ;
; enardff_2_rr.vhd                 ; yes             ; Auto-Found VHDL File               ; D:/lab3_3155/lab3/enardff_2_rr.vhd      ;         ;
; fourbitcomparator.vhd            ; yes             ; Auto-Found VHDL File               ; D:/lab3_3155/lab3/fourbitcomparator.vhd ;         ;
; onebitcomparator.vhd             ; yes             ; Auto-Found VHDL File               ; D:/lab3_3155/lab3/onebitcomparator.vhd  ;         ;
; mux2to1_4.vhd                    ; yes             ; Auto-Found VHDL File               ; D:/lab3_3155/lab3/mux2to1_4.vhd         ;         ;
+----------------------------------+-----------------+------------------------------------+-----------------------------------------+---------+


+---------------------------------------------------------------------------------------------------+
; Analysis & Synthesis Resource Usage Summary                                                       ;
+---------------------------------------------+-----------------------------------------------------+
; Resource                                    ; Usage                                               ;
+---------------------------------------------+-----------------------------------------------------+
; Estimated Total logic elements              ; 56                                                  ;
;                                             ;                                                     ;
; Total combinational functions               ; 55                                                  ;
; Logic element usage by number of LUT inputs ;                                                     ;
;     -- 4 input functions                    ; 18                                                  ;
;     -- 3 input functions                    ; 21                                                  ;
;     -- <=2 input functions                  ; 16                                                  ;
;                                             ;                                                     ;
; Logic elements by mode                      ;                                                     ;
;     -- normal mode                          ; 51                                                  ;
;     -- arithmetic mode                      ; 4                                                   ;
;                                             ;                                                     ;
; Total registers                             ; 41                                                  ;
;     -- Dedicated logic registers            ; 41                                                  ;
;     -- I/O registers                        ; 0                                                   ;
;                                             ;                                                     ;
; I/O pins                                    ; 21                                                  ;
; Embedded Multiplier 9-bit elements          ; 0                                                   ;
; Maximum fan-out node                        ; top:inst|counter_4bit:counter|enARdFF_2:reg_D|int_q ;
; Maximum fan-out                             ; 10                                                  ;
; Total fan-out                               ; 289                                                 ;
; Average fan-out                             ; 2.09                                                ;
+---------------------------------------------+-----------------------------------------------------+


+------------------------------------------------------------------------------------------------------------------------------------------------------------------------------------------------------------------+
; Analysis & Synthesis Resource Utilization by Entity                                                                                                                                                              ;
+-------------------------------+-------------------+--------------+-------------+--------------+---------+-----------+------+--------------+-------------------------------------------------------+--------------+
; Compilation Hierarchy Node    ; LC Combinationals ; LC Registers ; Memory Bits ; DSP Elements ; DSP 9x9 ; DSP 18x18 ; Pins ; Virtual Pins ; Full Hierarchy Name                                   ; Library Name ;
+-------------------------------+-------------------+--------------+-------------+--------------+---------+-----------+------+--------------+-------------------------------------------------------+--------------+
; |lab3                         ; 55 (0)            ; 41 (0)       ; 0           ; 0            ; 0       ; 0         ; 21   ; 0            ; |lab3                                                 ; work         ;
;    |top:inst|                 ; 55 (0)            ; 41 (0)       ; 0           ; 0            ; 0       ; 0         ; 0    ; 0            ; |lab3|top:inst                                        ; work         ;
;       |clk_div:clock_divider| ; 31 (31)           ; 31 (31)      ; 0           ; 0            ; 0       ; 0         ; 0    ; 0            ; |lab3|top:inst|clk_div:clock_divider                  ; work         ;
;       |counter_4bit:counter|  ; 4 (0)             ; 4 (0)        ; 0           ; 0            ; 0       ; 0         ; 0    ; 0            ; |lab3|top:inst|counter_4bit:counter                   ; work         ;
;          |enARdFF_2:reg_A|    ; 1 (1)             ; 1 (1)        ; 0           ; 0            ; 0       ; 0         ; 0    ; 0            ; |lab3|top:inst|counter_4bit:counter|enARdFF_2:reg_A   ; work         ;
;          |enARdFF_2:reg_B|    ; 1 (1)             ; 1 (1)        ; 0           ; 0            ; 0       ; 0         ; 0    ; 0            ; |lab3|top:inst|counter_4bit:counter|enARdFF_2:reg_B   ; work         ;
;          |enARdFF_2:reg_C|    ; 1 (1)             ; 1 (1)        ; 0           ; 0            ; 0       ; 0         ; 0    ; 0            ; |lab3|top:inst|counter_4bit:counter|enARdFF_2:reg_C   ; work         ;
;          |enARdFF_2:reg_D|    ; 1 (1)             ; 1 (1)        ; 0           ; 0            ; 0       ; 0         ; 0    ; 0            ; |lab3|top:inst|counter_4bit:counter|enARdFF_2:reg_D   ; work         ;
;       |debouncer_2:debouncer| ; 2 (2)             ; 2 (0)        ; 0           ; 0            ; 0       ; 0         ; 0    ; 0            ; |lab3|top:inst|debouncer_2:debouncer                  ; work         ;
;          |enARdFF_2:first|    ; 0 (0)             ; 1 (1)        ; 0           ; 0            ; 0       ; 0         ; 0    ; 0            ; |lab3|top:inst|debouncer_2:debouncer|enARdFF_2:first  ; work         ;
;          |enARdFF_2:second|   ; 0 (0)             ; 1 (1)        ; 0           ; 0            ; 0       ; 0         ; 0    ; 0            ; |lab3|top:inst|debouncer_2:debouncer|enARdFF_2:second ; work         ;
;       |fourBitComparator:cmp| ; 6 (6)             ; 0 (0)        ; 0           ; 0            ; 0       ; 0         ; 0    ; 0            ; |lab3|top:inst|fourBitComparator:cmp                  ; work         ;
;       |fsm:fsm_controller|    ; 12 (12)           ; 4 (0)        ; 0           ; 0            ; 0       ; 0         ; 0    ; 0            ; |lab3|top:inst|fsm:fsm_controller                     ; work         ;
;          |enARdFF_2:reg_B|    ; 0 (0)             ; 1 (1)        ; 0           ; 0            ; 0       ; 0         ; 0    ; 0            ; |lab3|top:inst|fsm:fsm_controller|enARdFF_2:reg_B     ; work         ;
;          |enARdFF_2:reg_C|    ; 0 (0)             ; 1 (1)        ; 0           ; 0            ; 0       ; 0         ; 0    ; 0            ; |lab3|top:inst|fsm:fsm_controller|enARdFF_2:reg_C     ; work         ;
;          |enARdFF_2:reg_D|    ; 0 (0)             ; 1 (1)        ; 0           ; 0            ; 0       ; 0         ; 0    ; 0            ; |lab3|top:inst|fsm:fsm_controller|enARdFF_2:reg_D     ; work         ;
;          |enARdFF_2_rr:reg_A| ; 0 (0)             ; 1 (1)        ; 0           ; 0            ; 0       ; 0         ; 0    ; 0            ; |lab3|top:inst|fsm:fsm_controller|enARdFF_2_rr:reg_A  ; work         ;
+-------------------------------+-------------------+--------------+-------------+--------------+---------+-----------+------+--------------+-------------------------------------------------------+--------------+
Note: For table entries with two numbers listed, the numbers in parentheses indicate the number of resources of the given type used by the specific entity alone. The numbers listed outside of parentheses indicate the total resources of the given type used by the specific entity and all of its sub-entities in the hierarchy.


+-----------------------------------------------------------------------------------------------------------------------+
; Registers Removed During Synthesis                                                                                    ;
+-----------------------------------------------------+-----------------------------------------------------------------+
; Register name                                       ; Reason for Removal                                              ;
+-----------------------------------------------------+-----------------------------------------------------------------+
; top:inst|counter_4bit:Timer_m|enARdFF_2:reg_D|int_q ; Merged with top:inst|counter_4bit:counter|enARdFF_2:reg_D|int_q ;
; top:inst|counter_4bit:Timer_m|enARdFF_2:reg_C|int_q ; Merged with top:inst|counter_4bit:counter|enARdFF_2:reg_C|int_q ;
; Total Number of Removed Registers = 2               ;                                                                 ;
+-----------------------------------------------------+-----------------------------------------------------------------+


+------------------------------------------------------+
; General Register Statistics                          ;
+----------------------------------------------+-------+
; Statistic                                    ; Value ;
+----------------------------------------------+-------+
; Total registers                              ; 41    ;
; Number of registers using Synchronous Clear  ; 5     ;
; Number of registers using Synchronous Load   ; 0     ;
; Number of registers using Asynchronous Clear ; 10    ;
; Number of registers using Asynchronous Load  ; 0     ;
; Number of registers using Clock Enable       ; 0     ;
; Number of registers using Preset             ; 0     ;
+----------------------------------------------+-------+


+----------------------------------------------------------------+
; Inverted Register Statistics                                   ;
+------------------------------------------------------+---------+
; Inverted Register                                    ; Fan out ;
+------------------------------------------------------+---------+
; top:inst|fsm:fsm_controller|enARdFF_2_rr:reg_A|int_q ; 5       ;
; Total number of inverted registers = 1               ;         ;
+------------------------------------------------------+---------+


+-----------------------------------------------------------+
; Port Connectivity Checks: "top:inst|counter_4bit:counter" ;
+------+-------+----------+---------------------------------+
; Port ; Type  ; Severity ; Details                         ;
+------+-------+----------+---------------------------------+
; en   ; Input ; Info     ; Stuck at VCC                    ;
+------+-------+----------+---------------------------------+


+--------------------------------------------------------------------------------+
; Port Connectivity Checks: "top:inst|fourBitComparator:cmp|oneBitComparator:b3" ;
+--------------+-------+----------+----------------------------------------------+
; Port         ; Type  ; Severity ; Details                                      ;
+--------------+-------+----------+----------------------------------------------+
; i_gtprevious ; Input ; Info     ; Stuck at GND                                 ;
; i_ltprevious ; Input ; Info     ; Stuck at GND                                 ;
+--------------+-------+----------+----------------------------------------------+


+----------------------------------------------------------------------------------------------------------------+
; Port Connectivity Checks: "top:inst|fourBitComparator:cmp"                                                     ;
+------+--------+----------+-------------------------------------------------------------------------------------+
; Port ; Type   ; Severity ; Details                                                                             ;
+------+--------+----------+-------------------------------------------------------------------------------------+
; o_gt ; Output ; Info     ; Connected to dangling logic. Logic that only feeds a dangling port will be removed. ;
; o_lt ; Output ; Info     ; Connected to dangling logic. Logic that only feeds a dangling port will be removed. ;
+------+--------+----------+-------------------------------------------------------------------------------------+


+--------------------------------------------------------------------------------------------------------------------+
; Port Connectivity Checks: "top:inst|fsm:fsm_controller|enARdFF_2:reg_D"                                            ;
+----------+--------+----------+-------------------------------------------------------------------------------------+
; Port     ; Type   ; Severity ; Details                                                                             ;
+----------+--------+----------+-------------------------------------------------------------------------------------+
; i_enable ; Input  ; Info     ; Stuck at VCC                                                                        ;
; o_qbar   ; Output ; Info     ; Connected to dangling logic. Logic that only feeds a dangling port will be removed. ;
+----------+--------+----------+-------------------------------------------------------------------------------------+


+--------------------------------------------------------------------------------------------------------------------+
; Port Connectivity Checks: "top:inst|fsm:fsm_controller|enARdFF_2:reg_C"                                            ;
+----------+--------+----------+-------------------------------------------------------------------------------------+
; Port     ; Type   ; Severity ; Details                                                                             ;
+----------+--------+----------+-------------------------------------------------------------------------------------+
; i_enable ; Input  ; Info     ; Stuck at VCC                                                                        ;
; o_qbar   ; Output ; Info     ; Connected to dangling logic. Logic that only feeds a dangling port will be removed. ;
+----------+--------+----------+-------------------------------------------------------------------------------------+


+--------------------------------------------------------------------------------------------------------------------+
; Port Connectivity Checks: "top:inst|fsm:fsm_controller|enARdFF_2:reg_B"                                            ;
+----------+--------+----------+-------------------------------------------------------------------------------------+
; Port     ; Type   ; Severity ; Details                                                                             ;
+----------+--------+----------+-------------------------------------------------------------------------------------+
; i_enable ; Input  ; Info     ; Stuck at VCC                                                                        ;
; o_qbar   ; Output ; Info     ; Connected to dangling logic. Logic that only feeds a dangling port will be removed. ;
+----------+--------+----------+-------------------------------------------------------------------------------------+


+--------------------------------------------------------------------------------------------------------------------+
; Port Connectivity Checks: "top:inst|fsm:fsm_controller|enARdFF_2_rr:reg_A"                                         ;
+----------+--------+----------+-------------------------------------------------------------------------------------+
; Port     ; Type   ; Severity ; Details                                                                             ;
+----------+--------+----------+-------------------------------------------------------------------------------------+
; i_enable ; Input  ; Info     ; Stuck at VCC                                                                        ;
; o_qbar   ; Output ; Info     ; Connected to dangling logic. Logic that only feeds a dangling port will be removed. ;
+----------+--------+----------+-------------------------------------------------------------------------------------+


+----------------------------------------------------------------------------------------------------------------------------------------+
; Port Connectivity Checks: "top:inst|fsm:fsm_controller"                                                                                ;
+---------+--------+----------+----------------------------------------------------------------------------------------------------------+
; Port    ; Type   ; Severity ; Details                                                                                                  ;
+---------+--------+----------+----------------------------------------------------------------------------------------------------------+
; o_reset ; Output ; Info     ; Connected to dangling logic. Logic that only feeds a dangling port will be removed.                      ;
; o_set   ; Output ; Warning  ; Declared by entity but not connected by instance. Logic that only feeds a dangling port will be removed. ;
+---------+--------+----------+----------------------------------------------------------------------------------------------------------+


+-----------------------------------------------------------------------------+
; Port Connectivity Checks: "top:inst|debouncer_2:debouncer|enARdFF_2:second" ;
+----------+-------+----------+-----------------------------------------------+
; Port     ; Type  ; Severity ; Details                                       ;
+----------+-------+----------+-----------------------------------------------+
; i_enable ; Input ; Info     ; Stuck at VCC                                  ;
+----------+-------+----------+-----------------------------------------------+


+--------------------------------------------------------------------------------------------------------------------+
; Port Connectivity Checks: "top:inst|debouncer_2:debouncer|enARdFF_2:first"                                         ;
+----------+--------+----------+-------------------------------------------------------------------------------------+
; Port     ; Type   ; Severity ; Details                                                                             ;
+----------+--------+----------+-------------------------------------------------------------------------------------+
; i_enable ; Input  ; Info     ; Stuck at VCC                                                                        ;
; o_q      ; Output ; Info     ; Connected to dangling logic. Logic that only feeds a dangling port will be removed. ;
+----------+--------+----------+-------------------------------------------------------------------------------------+


+--------------------------------------------------------------------------------------------------------------------+
; Port Connectivity Checks: "top:inst|counter_4bit:Timer_m|enARdFF_2:reg_D"                                          ;
+----------+--------+----------+-------------------------------------------------------------------------------------+
; Port     ; Type   ; Severity ; Details                                                                             ;
+----------+--------+----------+-------------------------------------------------------------------------------------+
; i_enable ; Input  ; Info     ; Stuck at VCC                                                                        ;
; o_qbar   ; Output ; Info     ; Connected to dangling logic. Logic that only feeds a dangling port will be removed. ;
+----------+--------+----------+-------------------------------------------------------------------------------------+


+--------------------------------------------------------------------------------------------------------------------+
; Port Connectivity Checks: "top:inst|counter_4bit:Timer_m|enARdFF_2:reg_C"                                          ;
+----------+--------+----------+-------------------------------------------------------------------------------------+
; Port     ; Type   ; Severity ; Details                                                                             ;
+----------+--------+----------+-------------------------------------------------------------------------------------+
; i_enable ; Input  ; Info     ; Stuck at VCC                                                                        ;
; o_qbar   ; Output ; Info     ; Connected to dangling logic. Logic that only feeds a dangling port will be removed. ;
+----------+--------+----------+-------------------------------------------------------------------------------------+


+--------------------------------------------------------------------------------------------------------------------+
; Port Connectivity Checks: "top:inst|counter_4bit:Timer_m|enARdFF_2:reg_B"                                          ;
+----------+--------+----------+-------------------------------------------------------------------------------------+
; Port     ; Type   ; Severity ; Details                                                                             ;
+----------+--------+----------+-------------------------------------------------------------------------------------+
; i_enable ; Input  ; Info     ; Stuck at VCC                                                                        ;
; o_qbar   ; Output ; Info     ; Connected to dangling logic. Logic that only feeds a dangling port will be removed. ;
+----------+--------+----------+-------------------------------------------------------------------------------------+


+--------------------------------------------------------------------------------------------------------------------+
; Port Connectivity Checks: "top:inst|counter_4bit:Timer_m|enARdFF_2:reg_A"                                          ;
+----------+--------+----------+-------------------------------------------------------------------------------------+
; Port     ; Type   ; Severity ; Details                                                                             ;
+----------+--------+----------+-------------------------------------------------------------------------------------+
; i_enable ; Input  ; Info     ; Stuck at VCC                                                                        ;
; o_qbar   ; Output ; Info     ; Connected to dangling logic. Logic that only feeds a dangling port will be removed. ;
+----------+--------+----------+-------------------------------------------------------------------------------------+


+-----------------------------------------------------------+
; Port Connectivity Checks: "top:inst|counter_4bit:Timer_m" ;
+------+-------+----------+---------------------------------+
; Port ; Type  ; Severity ; Details                         ;
+------+-------+----------+---------------------------------+
; en   ; Input ; Info     ; Stuck at VCC                    ;
+------+-------+----------+---------------------------------+


+------------------------------------------------------------------------------------------------------------------------+
; Port Connectivity Checks: "top:inst|clk_div:clock_divider"                                                             ;
+--------------+--------+----------+-------------------------------------------------------------------------------------+
; Port         ; Type   ; Severity ; Details                                                                             ;
+--------------+--------+----------+-------------------------------------------------------------------------------------+
; clock_1mhz   ; Output ; Info     ; Connected to dangling logic. Logic that only feeds a dangling port will be removed. ;
; clock_100khz ; Output ; Info     ; Connected to dangling logic. Logic that only feeds a dangling port will be removed. ;
; clock_10khz  ; Output ; Info     ; Connected to dangling logic. Logic that only feeds a dangling port will be removed. ;
; clock_1khz   ; Output ; Info     ; Connected to dangling logic. Logic that only feeds a dangling port will be removed. ;
; clock_100hz  ; Output ; Info     ; Connected to dangling logic. Logic that only feeds a dangling port will be removed. ;
; clock_10hz   ; Output ; Info     ; Connected to dangling logic. Logic that only feeds a dangling port will be removed. ;
+--------------+--------+----------+-------------------------------------------------------------------------------------+


+-------------------------------+
; Elapsed Time Per Partition    ;
+----------------+--------------+
; Partition Name ; Elapsed Time ;
+----------------+--------------+
; Top            ; 00:00:00     ;
+----------------+--------------+


+-------------------------------+
; Analysis & Synthesis Messages ;
+-------------------------------+
Info: *******************************************************************
Info: Running Quartus II 64-Bit Analysis & Synthesis
    Info: Version 13.0.1 Build 232 06/12/2013 Service Pack 1 SJ Web Edition
    Info: Processing started: Wed Nov 08 20:54:00 2023
Info: Command: quartus_map --read_settings_files=on --write_settings_files=off lab3 -c lab3
Warning (20028): Parallel compilation is not licensed and has been disabled
Info (12021): Found 1 design units, including 1 entities, in source file lab3.bdf
    Info (12023): Found entity 1: lab3
Info (12127): Elaborating entity "lab3" for the top level hierarchy
Warning (12125): Using design file top.vhd, which is not specified as a design file for the current project, but contains definitions for 2 design units and 1 entities in project
    Info (12022): Found design unit 1: top-rtl
    Info (12023): Found entity 1: top
Info (12128): Elaborating entity "top" for hierarchy "top:inst"
Warning (10541): VHDL Signal Declaration warning at top.vhd(9): used implicit default value for signal "o_timer_out" because signal was never assigned a value or an explicit default value. Use of implicit default value may introduce unintended design optimizations.
Warning (10036): Verilog HDL or VHDL warning at top.vhd(14): object "int_SetCounter" assigned a value but never read
Warning (12125): Using design file clk_div.vhd, which is not specified as a design file for the current project, but contains definitions for 2 design units and 1 entities in project
    Info (12022): Found design unit 1: clk_div-a
    Info (12023): Found entity 1: clk_div
Info (12128): Elaborating entity "clk_div" for hierarchy "top:inst|clk_div:clock_divider"
Warning (12125): Using design file counter_4bit.vhd, which is not specified as a design file for the current project, but contains definitions for 2 design units and 1 entities in project
    Info (12022): Found design unit 1: counter_4bit-rtl
    Info (12023): Found entity 1: counter_4bit
Info (12128): Elaborating entity "counter_4bit" for hierarchy "top:inst|counter_4bit:Timer_m"
Warning (10036): Verilog HDL or VHDL warning at counter_4bit.vhd(16): object "int_na" assigned a value but never read
Warning (10036): Verilog HDL or VHDL warning at counter_4bit.vhd(16): object "int_nb" assigned a value but never read
Warning (10036): Verilog HDL or VHDL warning at counter_4bit.vhd(16): object "int_nc" assigned a value but never read
Warning (10036): Verilog HDL or VHDL warning at counter_4bit.vhd(16): object "int_nd" assigned a value but never read
Warning (12125): Using design file enardff_2.vhd, which is not specified as a design file for the current project, but contains definitions for 2 design units and 1 entities in project
    Info (12022): Found design unit 1: enARdFF_2-rtl
    Info (12023): Found entity 1: enARdFF_2
Info (12128): Elaborating entity "enARdFF_2" for hierarchy "top:inst|counter_4bit:Timer_m|enARdFF_2:reg_A"
Warning (12125): Using design file timer_o.vhd, which is not specified as a design file for the current project, but contains definitions for 2 design units and 1 entities in project
    Info (12022): Found design unit 1: timer_o-rtl
    Info (12023): Found entity 1: timer_o
Info (12128): Elaborating entity "timer_o" for hierarchy "top:inst|timer_o:Timer_out"
Warning (12125): Using design file debouncer_2.vhd, which is not specified as a design file for the current project, but contains definitions for 2 design units and 1 entities in project
    Info (12022): Found design unit 1: debouncer_2-rtl
    Info (12023): Found entity 1: debouncer_2
Info (12128): Elaborating entity "debouncer_2" for hierarchy "top:inst|debouncer_2:debouncer"
Warning (10036): Verilog HDL or VHDL warning at debouncer_2.vhd(38): object "int_q1Output" assigned a value but never read
Warning (12125): Using design file fsm.vhd, which is not specified as a design file for the current project, but contains definitions for 2 design units and 1 entities in project
    Info (12022): Found design unit 1: fsm-rtl
    Info (12023): Found entity 1: fsm
Info (12128): Elaborating entity "fsm" for hierarchy "top:inst|fsm:fsm_controller"
Warning (12125): Using design file enardff_2_rr.vhd, which is not specified as a design file for the current project, but contains definitions for 2 design units and 1 entities in project
    Info (12022): Found design unit 1: enARdFF_2_rr-rtl
    Info (12023): Found entity 1: enARdFF_2_rr
Info (12128): Elaborating entity "enARdFF_2_rr" for hierarchy "top:inst|fsm:fsm_controller|enARdFF_2_rr:reg_A"
Warning (12125): Using design file fourbitcomparator.vhd, which is not specified as a design file for the current project, but contains definitions for 2 design units and 1 entities in project
    Info (12022): Found design unit 1: fourBitComparator-structural
    Info (12023): Found entity 1: fourBitComparator
Info (12128): Elaborating entity "fourBitComparator" for hierarchy "top:inst|fourBitComparator:cmp"
Warning (10036): Verilog HDL or VHDL warning at fourbitcomparator.vhd(12): object "EQ_Previous" assigned a value but never read
Warning (12125): Using design file onebitcomparator.vhd, which is not specified as a design file for the current project, but contains definitions for 2 design units and 1 entities in project
    Info (12022): Found design unit 1: oneBitComparator-rtl
    Info (12023): Found entity 1: oneBitComparator
Info (12128): Elaborating entity "oneBitComparator" for hierarchy "top:inst|fourBitComparator:cmp|oneBitComparator:b3"
Warning (12125): Using design file mux2to1_4.vhd, which is not specified as a design file for the current project, but contains definitions for 2 design units and 1 entities in project
    Info (12022): Found design unit 1: mux2to1_4-rtl
    Info (12023): Found entity 1: mux2to1_4
Info (12128): Elaborating entity "mux2to1_4" for hierarchy "top:inst|mux2to1_4:mux"
Warning (12241): 1 hierarchies have connectivity warnings - see the Connectivity Checks report folder
Info (13000): Registers with preset signals will power-up high
Info (13003): DEV_CLRn pin will set, and not reset, register with preset signal due to NOT Gate Push-Back
Warning (13024): Output pins are stuck at VCC or GND
    Warning (13410): Pin "timer[3]" is stuck at GND
    Warning (13410): Pin "timer[2]" is stuck at GND
    Warning (13410): Pin "timer[1]" is stuck at GND
    Warning (13410): Pin "timer[0]" is stuck at GND
Info (286030): Timing-Driven Synthesis is running
Info (16010): Generating hard_block partition "hard_block:auto_generated_inst"
    Info (16011): Adding 0 node(s), including 0 DDIO, 0 PLL, 0 transceiver and 0 LCELL
Info (21057): Implemented 77 device resources after synthesis - the final resource count might be different
    Info (21058): Implemented 11 input pins
    Info (21059): Implemented 10 output pins
    Info (21061): Implemented 56 logic cells
Info: Quartus II 64-Bit Analysis & Synthesis was successful. 0 errors, 26 warnings
    Info: Peak virtual memory: 546 megabytes
    Info: Processing ended: Wed Nov 08 20:54:07 2023
    Info: Elapsed time: 00:00:07
    Info: Total CPU time (on all processors): 00:00:04


